0 info it worked if it ends with ok
1 verbose cli [ '/Users/jinweizhang/.nvm/versions/node/v6.0.0/bin/node',
1 verbose cli   '/Users/jinweizhang/.nvm/versions/node/v6.0.0/bin/npm',
1 verbose cli   'install',
1 verbose cli   'mongoose',
1 verbose cli   '--save' ]
2 info using npm@3.8.6
3 info using node@v6.0.0
4 silly loadCurrentTree Starting
5 silly install loadCurrentTree
6 silly install readLocalPackageData
7 silly fetchPackageMetaData mongoose
8 silly fetchNamedPackageData mongoose
9 silly mapToRegistry name mongoose
10 silly mapToRegistry using default registry
11 silly mapToRegistry registry https://registry.npmjs.org/
12 silly mapToRegistry data Result {
12 silly mapToRegistry   raw: 'mongoose',
12 silly mapToRegistry   scope: null,
12 silly mapToRegistry   name: 'mongoose',
12 silly mapToRegistry   rawSpec: '',
12 silly mapToRegistry   spec: 'latest',
12 silly mapToRegistry   type: 'tag' }
13 silly mapToRegistry uri https://registry.npmjs.org/mongoose
14 verbose request uri https://registry.npmjs.org/mongoose
15 verbose request no auth needed
16 info attempt registry request try #1 at 10:13:58 AM
17 verbose request using bearer token for auth
18 verbose request id 2204325fd703b74e
19 http request GET https://registry.npmjs.org/mongoose
20 http 200 https://registry.npmjs.org/mongoose
21 verbose headers { date: 'Sat, 15 Jun 2019 09:13:58 GMT',
21 verbose headers   'content-type': 'application/json',
21 verbose headers   'transfer-encoding': 'chunked',
21 verbose headers   connection: 'keep-alive',
21 verbose headers   'set-cookie': [ '__cfduid=d108a985d5667bb553038c30a5cba0d2a1560590038; expires=Sun, 14-Jun-20 09:13:58 GMT; path=/; domain=.npmjs.org; HttpOnly' ],
21 verbose headers   'cf-cache-status': 'HIT',
21 verbose headers   'cache-control': 'max-age=300',
21 verbose headers   'cf-ray': '4e736e5b2cb56a23-LHR',
21 verbose headers   etag: 'W/"6238c1df2f853dcd50f1719d8be7ae98"',
21 verbose headers   'expect-ct': 'max-age=604800, report-uri="https://report-uri.cloudflare.com/cdn-cgi/beacon/expect-ct"',
21 verbose headers   'last-modified': 'Fri, 14 Jun 2019 21:11:45 GMT',
21 verbose headers   vary: 'accept-encoding, accept',
21 verbose headers   'x-amz-meta-rev': '1742-ff5f21414f023bdffa558074184d5c73',
21 verbose headers   server: 'cloudflare',
21 verbose headers   'content-encoding': 'gzip' }
22 silly get cb [ 200,
22 silly get   { date: 'Sat, 15 Jun 2019 09:13:58 GMT',
22 silly get     'content-type': 'application/json',
22 silly get     'transfer-encoding': 'chunked',
22 silly get     connection: 'keep-alive',
22 silly get     'set-cookie': [ '__cfduid=d108a985d5667bb553038c30a5cba0d2a1560590038; expires=Sun, 14-Jun-20 09:13:58 GMT; path=/; domain=.npmjs.org; HttpOnly' ],
22 silly get     'cf-cache-status': 'HIT',
22 silly get     'cache-control': 'max-age=300',
22 silly get     'cf-ray': '4e736e5b2cb56a23-LHR',
22 silly get     etag: 'W/"6238c1df2f853dcd50f1719d8be7ae98"',
22 silly get     'expect-ct': 'max-age=604800, report-uri="https://report-uri.cloudflare.com/cdn-cgi/beacon/expect-ct"',
22 silly get     'last-modified': 'Fri, 14 Jun 2019 21:11:45 GMT',
22 silly get     vary: 'accept-encoding, accept',
22 silly get     'x-amz-meta-rev': '1742-ff5f21414f023bdffa558074184d5c73',
22 silly get     server: 'cloudflare',
22 silly get     'content-encoding': 'gzip' } ]
23 verbose get saving mongoose to /Users/jinweizhang/.npm/registry.npmjs.org/mongoose/.cache.json
24 verbose correctMkdir /Users/jinweizhang/.npm correctMkdir not in flight; initializing
25 silly install normalizeTree
26 silly loadCurrentTree Finishing
27 silly loadIdealTree Starting
28 silly install loadIdealTree
29 silly cloneCurrentTree Starting
30 silly install cloneCurrentTreeToIdealTree
31 silly cloneCurrentTree Finishing
32 silly loadShrinkwrap Starting
33 silly install loadShrinkwrap
34 silly loadShrinkwrap Finishing
35 silly loadAllDepsIntoIdealTree Starting
36 silly install loadAllDepsIntoIdealTree
37 silly rollbackFailedOptional Starting
38 silly rollbackFailedOptional Finishing
39 silly runTopLevelLifecycles Starting
40 silly runTopLevelLifecycles Finishing
41 silly install printInstalled
42 verbose stack Error: Refusing to install mongoose as a dependency of itself
42 verbose stack     at checkSelf (/Users/jinweizhang/.nvm/versions/node/v6.0.0/lib/node_modules/npm/lib/install/validate-args.js:53:14)
42 verbose stack     at Array.<anonymous> (/Users/jinweizhang/.nvm/versions/node/v6.0.0/lib/node_modules/npm/node_modules/slide/lib/bind-actor.js:15:8)
42 verbose stack     at LOOP (/Users/jinweizhang/.nvm/versions/node/v6.0.0/lib/node_modules/npm/node_modules/slide/lib/chain.js:15:14)
42 verbose stack     at chain (/Users/jinweizhang/.nvm/versions/node/v6.0.0/lib/node_modules/npm/node_modules/slide/lib/chain.js:20:5)
42 verbose stack     at /Users/jinweizhang/.nvm/versions/node/v6.0.0/lib/node_modules/npm/lib/install/validate-args.js:16:5
42 verbose stack     at /Users/jinweizhang/.nvm/versions/node/v6.0.0/lib/node_modules/npm/node_modules/slide/lib/async-map.js:52:35
42 verbose stack     at Array.forEach (native)
42 verbose stack     at /Users/jinweizhang/.nvm/versions/node/v6.0.0/lib/node_modules/npm/node_modules/slide/lib/async-map.js:52:11
42 verbose stack     at Array.forEach (native)
42 verbose stack     at asyncMap (/Users/jinweizhang/.nvm/versions/node/v6.0.0/lib/node_modules/npm/node_modules/slide/lib/async-map.js:51:8)
43 verbose cwd /Users/jinweizhang/Desktop/Coursera_Server-side-Development-with-NodeJS-Express-and-MongoDB/Module2_DataDataWhereAreYou/MongooseODM/node-mongoose
44 error Darwin 18.2.0
45 error argv "/Users/jinweizhang/.nvm/versions/node/v6.0.0/bin/node" "/Users/jinweizhang/.nvm/versions/node/v6.0.0/bin/npm" "install" "mongoose" "--save"
46 error node v6.0.0
47 error npm  v3.8.6
48 error code ENOSELF
49 error Refusing to install mongoose as a dependency of itself
50 error If you need help, you may report this error at:
50 error     <https://github.com/npm/npm/issues>
51 verbose exit [ 1, true ]
